#
# There is insufficient memory for the Java Runtime Environment to continue.
# Native memory allocation (mmap) failed to map 82837504 bytes. Error detail: G1 virtual space
# Possible reasons:
#   The system is out of physical RAM or swap space
#   This process is running with CompressedOops enabled, and the Java Heap may be blocking the growth of the native heap
# Possible solutions:
#   Reduce memory load on the system
#   Increase physical memory or swap space
#   Check if swap backing store is full
#   Decrease Java heap size (-Xmx/-Xms)
#   Decrease number of Java threads
#   Decrease Java thread stack sizes (-Xss)
#   Set larger code cache with -XX:ReservedCodeCacheSize=
#   JVM is running with Unscaled Compressed Oops mode in which the Java heap is
#     placed in the first 4GB address space. The Java Heap base address is the
#     maximum limit for the native heap growth. Please use -XX:HeapBaseMinAddress
#     to set the Java Heap base and to place the Java Heap above 4GB virtual address.
# This output file may be truncated or incomplete.
#
#  Out of Memory Error (os_windows.cpp:3618), pid=3868, tid=3480
#
# JRE version: OpenJDK Runtime Environment Temurin-17.0.16+8 (17.0.16+8) (build 17.0.16+8)
# Java VM: OpenJDK 64-Bit Server VM Temurin-17.0.16+8 (17.0.16+8, mixed mode, sharing, tiered, compressed oops, compressed class ptrs, g1 gc, windows-amd64)
# No core dump will be written. Minidumps are not enabled by default on client versions of Windows
#

---------------  S U M M A R Y ------------

Command Line: -Dmaven.multiModuleProjectDirectory=C:\Users\Fabricio\IdeaProjects\apipet-store -Dmaven.home=C:\Program Files\JetBrains\IntelliJ IDEA Community Edition 2020.3.4\plugins\maven\lib\maven3 -Dclassworlds.conf=C:\Program Files\JetBrains\IntelliJ IDEA Community Edition 2020.3.4\plugins\maven\lib\maven3\bin\m2.conf -Dmaven.ext.class.path=C:\Program Files\JetBrains\IntelliJ IDEA Community Edition 2020.3.4\plugins\maven\lib\maven-event-listener.jar -javaagent:C:\Program Files\JetBrains\IntelliJ IDEA Community Edition 2020.3.4\lib\idea_rt.jar=49729:C:\Program Files\JetBrains\IntelliJ IDEA Community Edition 2020.3.4\bin -Dfile.encoding=UTF-8 org.codehaus.classworlds.Launcher -Didea.version=2020.3.4 install

Host: Intel(R) Pentium(R) CPU        P6100  @ 2.00GHz, 2 cores, 1G,  Windows 7 , 64 bit Build 7601 (6.1.7601.24545)
Time: Tue Sep 23 11:55:30 2025 Hora est. Pacífico, Sudamérica elapsed time: 37.355302 seconds (0d 0h 0m 37s)

---------------  T H R E A D  ---------------

Current thread (0x000000001d0b59c0):  VMThread "VM Thread" [stack: 0x000000001d410000,0x000000001d510000] [id=3480]

Stack: [0x000000001d410000,0x000000001d510000]
Native frames: (J=compiled Java code, j=interpreted, Vv=VM code, C=native code)
V  [jvm.dll+0x683169]
V  [jvm.dll+0x839ac8]
V  [jvm.dll+0x83b573]
V  [jvm.dll+0x83bbe3]
V  [jvm.dll+0x2473ff]
V  [jvm.dll+0x67ff49]
V  [jvm.dll+0x674e3a]
V  [jvm.dll+0x304ea6]
V  [jvm.dll+0x30c366]
V  [jvm.dll+0x35deee]
V  [jvm.dll+0x35e12d]
V  [jvm.dll+0x2dc26c]
V  [jvm.dll+0x2da60f]
V  [jvm.dll+0x2d9d7c]
V  [jvm.dll+0x31d55b]
V  [jvm.dll+0x84041d]
V  [jvm.dll+0x841153]
V  [jvm.dll+0x84167f]
V  [jvm.dll+0x841a64]
V  [jvm.dll+0x841b2e]
V  [jvm.dll+0x7e979c]
V  [jvm.dll+0x682047]
C  [ucrtbase.DLL+0x14ea0]
C  [kernel32.dll+0x1556d]
C  [ntdll.dll+0x5372d]

VM_Operation (0x00000000021f66c0): G1CollectForAllocation, mode: safepoint, requested by thread 0x000000000036d240


---------------  P R O C E S S  ---------------

Threads class SMR info:
_java_thread_list=0x000000001d2a7790, length=13, elements={
0x000000000036d240, 0x000000001d0bbea0, 0x000000001d0bca30, 0x000000001d0c6870,
0x000000001d0c7140, 0x000000001d0c82f0, 0x000000001d0c8bc0, 0x000000001d0c9870,
0x000000001d0d32d0, 0x000000001d0d4f20, 0x000000001d24b980, 0x000000001d2ba5d0,
0x000000001d2baab0
}

Java Threads: ( => current thread )
  0x000000000036d240 JavaThread "main" [_thread_blocked, id=2900, stack(0x0000000002100000,0x0000000002200000)]
  0x000000001d0bbea0 JavaThread "Reference Handler" daemon [_thread_blocked, id=3396, stack(0x000000001d5e0000,0x000000001d6e0000)]
  0x000000001d0bca30 JavaThread "Finalizer" daemon [_thread_blocked, id=4628, stack(0x000000001d730000,0x000000001d830000)]
  0x000000001d0c6870 JavaThread "Signal Dispatcher" daemon [_thread_blocked, id=2412, stack(0x000000001da00000,0x000000001db00000)]
  0x000000001d0c7140 JavaThread "Attach Listener" daemon [_thread_blocked, id=2376, stack(0x000000001dbd0000,0x000000001dcd0000)]
  0x000000001d0c82f0 JavaThread "Service Thread" daemon [_thread_blocked, id=1852, stack(0x000000001dce0000,0x000000001dde0000)]
  0x000000001d0c8bc0 JavaThread "Monitor Deflation Thread" daemon [_thread_blocked, id=3940, stack(0x000000001de60000,0x000000001df60000)]
  0x000000001d0c9870 JavaThread "C2 CompilerThread0" daemon [_thread_blocked, id=3716, stack(0x000000001d830000,0x000000001d930000)]
  0x000000001d0d32d0 JavaThread "C1 CompilerThread0" daemon [_thread_blocked, id=2368, stack(0x0000000063190000,0x0000000063290000)]
  0x000000001d0d4f20 JavaThread "Sweeper thread" daemon [_thread_blocked, id=2396, stack(0x0000000063390000,0x0000000063490000)]
  0x000000001d24b980 JavaThread "Common-Cleaner" daemon [_thread_blocked, id=3188, stack(0x0000000063020000,0x0000000063120000)]
  0x000000001d2ba5d0 JavaThread "Monitor Ctrl-Break" daemon [_thread_in_native, id=4668, stack(0x00000000635b0000,0x00000000636b0000)]
  0x000000001d2baab0 JavaThread "Notification Thread" daemon [_thread_blocked, id=4396, stack(0x00000000636f0000,0x00000000637f0000)]

Other Threads:
=>0x000000001d0b59c0 VMThread "VM Thread" [stack: 0x000000001d410000,0x000000001d510000] [id=3480]
  0x000000000036e110 WatcherThread [stack: 0x0000000063880000,0x0000000063980000] [id=956]
  0x000000000039e4c0 GCTaskThread "GC Thread#0" [stack: 0x000000001a870000,0x000000001a970000] [id=4504]
  0x0000000063d7ac60 GCTaskThread "GC Thread#1" [stack: 0x0000000064870000,0x0000000064970000] [id=2256]
  0x00000000003a3ca0 ConcurrentGCThread "G1 Main Marker" [stack: 0x000000001a770000,0x000000001a870000] [id=5060]
  0x00000000003a65d0 ConcurrentGCThread "G1 Conc#0" [stack: 0x000000001ab10000,0x000000001ac10000] [id=4636]
  0x00000000003cf5d0 ConcurrentGCThread "G1 Refine#0" [stack: 0x000000001cf10000,0x000000001d010000] [id=4364]
  0x00000000003d0ad0 ConcurrentGCThread "G1 Service" [stack: 0x000000001ce10000,0x000000001cf10000] [id=5088]

Threads with active compile tasks:
C2 CompilerThread0    37416 6700  s!   4       jdk.internal.loader.URLClassPath::getLoader (194 bytes)

VM state: at safepoint (normal execution)

VM Mutex/Monitor currently owned by a thread:  ([mutex/lock_event])
[0x0000000000367fd0] Threads_lock - owner thread: 0x000000001d0b59c0
[0x0000000000368600] Heap_lock - owner thread: 0x000000000036d240

Heap address: 0x00000000e2200000, size: 478 MB, Compressed Oops mode: 32-bit

CDS archive(s) mapped at: [0x000000001e000000-0x000000001ebb0000-0x000000001ebb0000), size 12255232, SharedBaseAddress: 0x000000001e000000, ArchiveRelocationMode: 1.
Compressed class space mapped at: 0x000000001f000000-0x000000005f000000, reserved size: 1073741824
Narrow klass base: 0x000000001e000000, Narrow klass shift: 0, Narrow klass range: 0x100000000

GC Precious Log:
 CPUs: 2 total, 2 available
 Memory: 1908M
 Large Page Support: Disabled
 NUMA Support: Disabled
 Compressed Oops: Enabled (32-bit)
 Heap Region Size: 1M
 Heap Min Capacity: 8M
 Heap Initial Capacity: 30M
 Heap Max Capacity: 478M
 Pre-touch: Disabled
 Parallel Workers: 2
 Concurrent Workers: 1
 Concurrent Refinement Workers: 2
 Periodic GC: Disabled

Heap:
 garbage-first heap   total 128000K, used 73728K [0x00000000e2200000, 0x0000000100000000)
  region size 1024K, 3 young (3072K), 3 survivors (3072K)
 Metaspace       used 28410K, committed 28864K, reserved 1114112K
  class space    used 3153K, committed 3392K, reserved 1048576K

Heap Regions: E=young(eden), S=young(survivor), O=old, HS=humongous(starts), HC=humongous(continues), CS=collection set, F=free, OA=open archive, CA=closed archive, TAMS=top-at-mark-start (previous, next)
|   0|0x00000000e2200000, 0x00000000e2300000, 0x00000000e2300000|100%| O|  |TAMS 0x00000000e2300000, 0x00000000e2300000| Untracked 
|   1|0x00000000e2300000, 0x00000000e2400000, 0x00000000e2400000|100%| O|  |TAMS 0x00000000e2400000, 0x00000000e2400000| Untracked 
|   2|0x00000000e2400000, 0x00000000e2500000, 0x00000000e2500000|100%| O|  |TAMS 0x00000000e2500000, 0x00000000e2500000| Untracked 
|   3|0x00000000e2500000, 0x00000000e2600000, 0x00000000e2600000|100%| O|  |TAMS 0x00000000e2600000, 0x00000000e2600000| Untracked 
|   4|0x00000000e2600000, 0x00000000e2700000, 0x00000000e2700000|100%| O|  |TAMS 0x00000000e2700000, 0x00000000e2700000| Untracked 
|   5|0x00000000e2700000, 0x00000000e2800000, 0x00000000e2800000|100%| O|  |TAMS 0x00000000e2800000, 0x00000000e2800000| Untracked 
|   6|0x00000000e2800000, 0x00000000e2900000, 0x00000000e2900000|100%| O|  |TAMS 0x00000000e2900000, 0x00000000e2900000| Untracked 
|   7|0x00000000e2900000, 0x00000000e2a00000, 0x00000000e2a00000|100%| O|  |TAMS 0x00000000e2a00000, 0x00000000e2a00000| Untracked 
|   8|0x00000000e2a00000, 0x00000000e2b00000, 0x00000000e2b00000|100%| O|  |TAMS 0x00000000e2b00000, 0x00000000e2b00000| Untracked 
|   9|0x00000000e2b00000, 0x00000000e2c00000, 0x00000000e2c00000|100%| O|  |TAMS 0x00000000e2c00000, 0x00000000e2c00000| Untracked 
|  10|0x00000000e2c00000, 0x00000000e2d00000, 0x00000000e2d00000|100%| O|  |TAMS 0x00000000e2d00000, 0x00000000e2d00000| Untracked 
|  11|0x00000000e2d00000, 0x00000000e2e00000, 0x00000000e2e00000|100%| O|  |TAMS 0x00000000e2e00000, 0x00000000e2e00000| Untracked 
|  12|0x00000000e2e00000, 0x00000000e2f00000, 0x00000000e2f00000|100%| O|  |TAMS 0x00000000e2f00000, 0x00000000e2f00000| Untracked 
|  13|0x00000000e2f00000, 0x00000000e3000000, 0x00000000e3000000|100%| O|  |TAMS 0x00000000e3000000, 0x00000000e3000000| Untracked 
|  14|0x00000000e3000000, 0x00000000e3100000, 0x00000000e3100000|100%| O|  |TAMS 0x00000000e3100000, 0x00000000e3100000| Untracked 
|  15|0x00000000e3100000, 0x00000000e3200000, 0x00000000e3200000|100%| O|  |TAMS 0x00000000e3200000, 0x00000000e3200000| Untracked 
|  16|0x00000000e3200000, 0x00000000e3300000, 0x00000000e3300000|100%| O|  |TAMS 0x00000000e3300000, 0x00000000e3300000| Untracked 
|  17|0x00000000e3300000, 0x00000000e3400000, 0x00000000e3400000|100%| O|  |TAMS 0x00000000e3300000, 0x00000000e3300000| Untracked 
|  18|0x00000000e3400000, 0x00000000e3500000, 0x00000000e3500000|100%| O|  |TAMS 0x00000000e3400000, 0x00000000e3400000| Untracked 
|  19|0x00000000e3500000, 0x00000000e3600000, 0x00000000e3600000|100%| O|  |TAMS 0x00000000e3500000, 0x00000000e3600000| Untracked 
|  20|0x00000000e3600000, 0x00000000e3700000, 0x00000000e3700000|100%| O|  |TAMS 0x00000000e3600000, 0x00000000e3700000| Untracked 
|  21|0x00000000e3700000, 0x00000000e3800000, 0x00000000e3800000|100%| O|  |TAMS 0x00000000e3800000, 0x00000000e3800000| Untracked 
|  22|0x00000000e3800000, 0x00000000e3900000, 0x00000000e3900000|100%| O|  |TAMS 0x00000000e3900000, 0x00000000e3900000| Untracked 
|  23|0x00000000e3900000, 0x00000000e3a00000, 0x00000000e3a00000|100%| O|  |TAMS 0x00000000e3900000, 0x00000000e3a00000| Untracked 
|  24|0x00000000e3a00000, 0x00000000e3b00000, 0x00000000e3b00000|100%| O|  |TAMS 0x00000000e3b00000, 0x00000000e3b00000| Untracked 
|  25|0x00000000e3b00000, 0x00000000e3c00000, 0x00000000e3c00000|100%| O|  |TAMS 0x00000000e3c00000, 0x00000000e3c00000| Untracked 
|  26|0x00000000e3c00000, 0x00000000e3c00000, 0x00000000e3d00000|  0%| F|  |TAMS 0x00000000e3c00000, 0x00000000e3c00000| Untracked 
|  27|0x00000000e3d00000, 0x00000000e3e00000, 0x00000000e3e00000|100%| O|  |TAMS 0x00000000e3e00000, 0x00000000e3e00000| Untracked 
|  28|0x00000000e3e00000, 0x00000000e3f00000, 0x00000000e3f00000|100%| O|  |TAMS 0x00000000e3f00000, 0x00000000e3f00000| Untracked 
|  29|0x00000000e3f00000, 0x00000000e4000000, 0x00000000e4000000|100%| O|  |TAMS 0x00000000e4000000, 0x00000000e4000000| Untracked 
|  30|0x00000000e4000000, 0x00000000e4100000, 0x00000000e4100000|100%| O|  |TAMS 0x00000000e4100000, 0x00000000e4100000| Untracked 
|  31|0x00000000e4100000, 0x00000000e4200000, 0x00000000e4200000|100%| O|  |TAMS 0x00000000e4200000, 0x00000000e4200000| Untracked 
|  32|0x00000000e4200000, 0x00000000e4300000, 0x00000000e4300000|100%| O|  |TAMS 0x00000000e4300000, 0x00000000e4300000| Untracked 
|  33|0x00000000e4300000, 0x00000000e4400000, 0x00000000e4400000|100%| O|  |TAMS 0x00000000e4400000, 0x00000000e4400000| Untracked 
|  34|0x00000000e4400000, 0x00000000e4500000, 0x00000000e4500000|100%| O|  |TAMS 0x00000000e4500000, 0x00000000e4500000| Untracked 
|  35|0x00000000e4500000, 0x00000000e4600000, 0x00000000e4600000|100%| O|  |TAMS 0x00000000e4600000, 0x00000000e4600000| Untracked 
|  36|0x00000000e4600000, 0x00000000e4700000, 0x00000000e4700000|100%| O|  |TAMS 0x00000000e4700000, 0x00000000e4700000| Untracked 
|  37|0x00000000e4700000, 0x00000000e4800000, 0x00000000e4800000|100%| O|  |TAMS 0x00000000e4800000, 0x00000000e4800000| Untracked 
|  38|0x00000000e4800000, 0x00000000e4900000, 0x00000000e4900000|100%| O|  |TAMS 0x00000000e4900000, 0x00000000e4900000| Untracked 
|  39|0x00000000e4900000, 0x00000000e4a00000, 0x00000000e4a00000|100%| O|  |TAMS 0x00000000e4a00000, 0x00000000e4a00000| Untracked 
|  40|0x00000000e4a00000, 0x00000000e4b00000, 0x00000000e4b00000|100%| O|  |TAMS 0x00000000e4b00000, 0x00000000e4b00000| Untracked 
|  41|0x00000000e4b00000, 0x00000000e4c00000, 0x00000000e4c00000|100%| O|  |TAMS 0x00000000e4c00000, 0x00000000e4c00000| Untracked 
|  42|0x00000000e4c00000, 0x00000000e4c00000, 0x00000000e4d00000|  0%| F|  |TAMS 0x00000000e4c00000, 0x00000000e4c00000| Untracked 
|  43|0x00000000e4d00000, 0x00000000e4e00000, 0x00000000e4e00000|100%| O|  |TAMS 0x00000000e4e00000, 0x00000000e4e00000| Untracked 
|  44|0x00000000e4e00000, 0x00000000e4f00000, 0x00000000e4f00000|100%| O|  |TAMS 0x00000000e4f00000, 0x00000000e4f00000| Untracked 
|  45|0x00000000e4f00000, 0x00000000e5000000, 0x00000000e5000000|100%| O|  |TAMS 0x00000000e5000000, 0x00000000e5000000| Untracked 
|  46|0x00000000e5000000, 0x00000000e5100000, 0x00000000e5100000|100%| O|  |TAMS 0x00000000e5100000, 0x00000000e5100000| Untracked 
|  47|0x00000000e5100000, 0x00000000e5200000, 0x00000000e5200000|100%| O|  |TAMS 0x00000000e5200000, 0x00000000e5200000| Untracked 
|  48|0x00000000e5200000, 0x00000000e5200000, 0x00000000e5300000|  0%| F|  |TAMS 0x00000000e5200000, 0x00000000e5200000| Untracked 
|  49|0x00000000e5300000, 0x00000000e5400000, 0x00000000e5400000|100%| O|  |TAMS 0x00000000e5400000, 0x00000000e5400000| Untracked 
|  50|0x00000000e5400000, 0x00000000e5500000, 0x00000000e5500000|100%| O|  |TAMS 0x00000000e5500000, 0x00000000e5500000| Untracked 
|  51|0x00000000e5500000, 0x00000000e5600000, 0x00000000e5600000|100%| O|  |TAMS 0x00000000e5600000, 0x00000000e5600000| Untracked 
|  52|0x00000000e5600000, 0x00000000e5700000, 0x00000000e5700000|100%| O|  |TAMS 0x00000000e5700000, 0x00000000e5700000| Untracked 
|  53|0x00000000e5700000, 0x00000000e5800000, 0x00000000e5800000|100%| O|  |TAMS 0x00000000e5800000, 0x00000000e5800000| Untracked 
|  54|0x00000000e5800000, 0x00000000e5900000, 0x00000000e5900000|100%| O|  |TAMS 0x00000000e5900000, 0x00000000e5900000| Untracked 
|  55|0x00000000e5900000, 0x00000000e5a00000, 0x00000000e5a00000|100%| O|  |TAMS 0x00000000e5a00000, 0x00000000e5a00000| Untracked 
|  56|0x00000000e5a00000, 0x00000000e5b00000, 0x00000000e5b00000|100%| O|  |TAMS 0x00000000e5b00000, 0x00000000e5b00000| Untracked 
|  57|0x00000000e5b00000, 0x00000000e5c00000, 0x00000000e5c00000|100%| O|  |TAMS 0x00000000e5c00000, 0x00000000e5c00000| Untracked 
|  58|0x00000000e5c00000, 0x00000000e5d00000, 0x00000000e5d00000|100%| O|  |TAMS 0x00000000e5d00000, 0x00000000e5d00000| Untracked 
|  59|0x00000000e5d00000, 0x00000000e5e00000, 0x00000000e5e00000|100%| O|  |TAMS 0x00000000e5e00000, 0x00000000e5e00000| Untracked 
|  60|0x00000000e5e00000, 0x00000000e5f00000, 0x00000000e5f00000|100%| O|  |TAMS 0x00000000e5ee3000, 0x00000000e5f00000| Untracked 
|  61|0x00000000e5f00000, 0x00000000e6000000, 0x00000000e6000000|100%| O|  |TAMS 0x00000000e5f00000, 0x00000000e6000000| Untracked 
|  62|0x00000000e6000000, 0x00000000e6100000, 0x00000000e6100000|100%| O|  |TAMS 0x00000000e6000000, 0x00000000e6100000| Untracked 
|  63|0x00000000e6100000, 0x00000000e6200000, 0x00000000e6200000|100%| O|  |TAMS 0x00000000e6100000, 0x00000000e6200000| Untracked 
|  64|0x00000000e6200000, 0x00000000e6300000, 0x00000000e6300000|100%| O|  |TAMS 0x00000000e6200000, 0x00000000e6300000| Untracked 
|  65|0x00000000e6300000, 0x00000000e6400000, 0x00000000e6400000|100%| O|  |TAMS 0x00000000e6300000, 0x00000000e6400000| Untracked 
|  66|0x00000000e6400000, 0x00000000e6500000, 0x00000000e6500000|100%| O|  |TAMS 0x00000000e6400000, 0x00000000e6500000| Untracked 
|  67|0x00000000e6500000, 0x00000000e6600000, 0x00000000e6600000|100%| O|  |TAMS 0x00000000e6500000, 0x00000000e6600000| Untracked 
|  68|0x00000000e6600000, 0x00000000e6700000, 0x00000000e6700000|100%| O|  |TAMS 0x00000000e6600000, 0x00000000e6700000| Untracked 
|  69|0x00000000e6700000, 0x00000000e6800000, 0x00000000e6800000|100%| O|  |TAMS 0x00000000e6700000, 0x00000000e6800000| Untracked 
|  70|0x00000000e6800000, 0x00000000e6900000, 0x00000000e6900000|100%| O|  |TAMS 0x00000000e6800000, 0x00000000e688ce00| Untracked 
|  71|0x00000000e6900000, 0x00000000e6900000, 0x00000000e6a00000|  0%| F|  |TAMS 0x00000000e6900000, 0x00000000e6900000| Untracked 
|  72|0x00000000e6a00000, 0x00000000e6a00000, 0x00000000e6b00000|  0%| F|  |TAMS 0x00000000e6a00000, 0x00000000e6a00000| Untracked 
|  73|0x00000000e6b00000, 0x00000000e6b00000, 0x00000000e6c00000|  0%| F|  |TAMS 0x00000000e6b00000, 0x00000000e6b00000| Untracked 
|  74|0x00000000e6c00000, 0x00000000e6c00000, 0x00000000e6d00000|  0%| F|  |TAMS 0x00000000e6c00000, 0x00000000e6c00000| Untracked 
|  75|0x00000000e6d00000, 0x00000000e6d00000, 0x00000000e6e00000|  0%| F|  |TAMS 0x00000000e6d00000, 0x00000000e6d00000| Untracked 
|  76|0x00000000e6e00000, 0x00000000e6e00000, 0x00000000e6f00000|  0%| F|  |TAMS 0x00000000e6e00000, 0x00000000e6e00000| Untracked 
|  77|0x00000000e6f00000, 0x00000000e6f00000, 0x00000000e7000000|  0%| F|  |TAMS 0x00000000e6f00000, 0x00000000e6f00000| Untracked 
|  78|0x00000000e7000000, 0x00000000e7000000, 0x00000000e7100000|  0%| F|  |TAMS 0x00000000e7000000, 0x00000000e7000000| Untracked 
|  79|0x00000000e7100000, 0x00000000e7100000, 0x00000000e7200000|  0%| F|  |TAMS 0x00000000e7100000, 0x00000000e7100000| Untracked 
|  80|0x00000000e7200000, 0x00000000e7200000, 0x00000000e7300000|  0%| F|  |TAMS 0x00000000e7200000, 0x00000000e7200000| Untracked 
|  81|0x00000000e7300000, 0x00000000e7300000, 0x00000000e7400000|  0%| F|  |TAMS 0x00000000e7300000, 0x00000000e7300000| Untracked 
|  82|0x00000000e7400000, 0x00000000e7400000, 0x00000000e7500000|  0%| F|  |TAMS 0x00000000e7400000, 0x00000000e7400000| Untracked 
|  83|0x00000000e7500000, 0x00000000e7500000, 0x00000000e7600000|  0%| F|  |TAMS 0x00000000e7500000, 0x00000000e7500000| Untracked 
|  84|0x00000000e7600000, 0x00000000e7600000, 0x00000000e7700000|  0%| F|  |TAMS 0x00000000e7600000, 0x00000000e7600000| Untracked 
|  85|0x00000000e7700000, 0x00000000e7700000, 0x00000000e7800000|  0%| F|  |TAMS 0x00000000e7700000, 0x00000000e7700000| Untracked 
|  86|0x00000000e7800000, 0x00000000e7800000, 0x00000000e7900000|  0%| F|  |TAMS 0x00000000e7800000, 0x00000000e7800000| Untracked 
|  87|0x00000000e7900000, 0x00000000e7900000, 0x00000000e7a00000|  0%| F|  |TAMS 0x00000000e7900000, 0x00000000e7900000| Untracked 
|  88|0x00000000e7a00000, 0x00000000e7a00000, 0x00000000e7b00000|  0%| F|  |TAMS 0x00000000e7a00000, 0x00000000e7a00000| Untracked 
|  89|0x00000000e7b00000, 0x00000000e7b00000, 0x00000000e7c00000|  0%| F|  |TAMS 0x00000000e7b00000, 0x00000000e7b00000| Untracked 
|  90|0x00000000e7c00000, 0x00000000e7c00000, 0x00000000e7d00000|  0%| F|  |TAMS 0x00000000e7c00000, 0x00000000e7c00000| Untracked 
|  91|0x00000000e7d00000, 0x00000000e7d00000, 0x00000000e7e00000|  0%| F|  |TAMS 0x00000000e7d00000, 0x00000000e7d00000| Untracked 
|  92|0x00000000e7e00000, 0x00000000e7e00000, 0x00000000e7f00000|  0%| F|  |TAMS 0x00000000e7e00000, 0x00000000e7e00000| Untracked 
|  93|0x00000000e7f00000, 0x00000000e7f00000, 0x00000000e8000000|  0%| F|  |TAMS 0x00000000e7f00000, 0x00000000e7f00000| Untracked 
|  94|0x00000000e8000000, 0x00000000e8000000, 0x00000000e8100000|  0%| F|  |TAMS 0x00000000e8000000, 0x00000000e8000000| Untracked 
|  95|0x00000000e8100000, 0x00000000e8100000, 0x00000000e8200000|  0%| F|  |TAMS 0x00000000e8100000, 0x00000000e8100000| Untracked 
|  96|0x00000000e8200000, 0x00000000e8200000, 0x00000000e8300000|  0%| F|  |TAMS 0x00000000e8200000, 0x00000000e8200000| Untracked 
|  97|0x00000000e8300000, 0x00000000e8300000, 0x00000000e8400000|  0%| F|  |TAMS 0x00000000e8300000, 0x00000000e8300000| Untracked 
|  98|0x00000000e8400000, 0x00000000e8500000, 0x00000000e8500000|100%| S|CS|TAMS 0x00000000e8400000, 0x00000000e8400000| Complete 
|  99|0x00000000e8500000, 0x00000000e8600000, 0x00000000e8600000|100%| S|CS|TAMS 0x00000000e8500000, 0x00000000e8500000| Complete 
| 100|0x00000000e8600000, 0x00000000e8700000, 0x00000000e8700000|100%| S|CS|TAMS 0x00000000e8600000, 0x00000000e8600000| Complete 
| 101|0x00000000e8700000, 0x00000000e8700000, 0x00000000e8800000|  0%| F|  |TAMS 0x00000000e8700000, 0x00000000e8700000| Untracked 
| 102|0x00000000e8800000, 0x00000000e8800000, 0x00000000e8900000|  0%| F|  |TAMS 0x00000000e8800000, 0x00000000e8800000| Untracked 
| 103|0x00000000e8900000, 0x00000000e8900000, 0x00000000e8a00000|  0%| F|  |TAMS 0x00000000e8900000, 0x00000000e8900000| Untracked 
| 104|0x00000000e8a00000, 0x00000000e8a00000, 0x00000000e8b00000|  0%| F|  |TAMS 0x00000000e8a00000, 0x00000000e8a00000| Untracked 
| 105|0x00000000e8b00000, 0x00000000e8b00000, 0x00000000e8c00000|  0%| F|  |TAMS 0x00000000e8b00000, 0x00000000e8b00000| Untracked 
| 106|0x00000000e8c00000, 0x00000000e8c00000, 0x00000000e8d00000|  0%| F|  |TAMS 0x00000000e8c00000, 0x00000000e8c00000| Untracked 
| 107|0x00000000e8d00000, 0x00000000e8d00000, 0x00000000e8e00000|  0%| F|  |TAMS 0x00000000e8d00000, 0x00000000e8d00000| Untracked 
| 108|0x00000000e8e00000, 0x00000000e8e00000, 0x00000000e8f00000|  0%| F|  |TAMS 0x00000000e8e00000, 0x00000000e8e00000| Untracked 
| 109|0x00000000e8f00000, 0x00000000e8f00000, 0x00000000e9000000|  0%| F|  |TAMS 0x00000000e8f00000, 0x00000000e8f00000| Untracked 
| 110|0x00000000e9000000, 0x00000000e9000000, 0x00000000e9100000|  0%| F|  |TAMS 0x00000000e9000000, 0x00000000e9000000| Untracked 
| 111|0x00000000e9100000, 0x00000000e9100000, 0x00000000e9200000|  0%| F|  |TAMS 0x00000000e9100000, 0x00000000e9100000| Untracked 
| 112|0x00000000e9200000, 0x00000000e9200000, 0x00000000e9300000|  0%| F|  |TAMS 0x00000000e9200000, 0x00000000e9200000| Untracked 
| 113|0x00000000e9300000, 0x00000000e9300000, 0x00000000e9400000|  0%| F|  |TAMS 0x00000000e9300000, 0x00000000e9300000| Untracked 
| 114|0x00000000e9400000, 0x00000000e9400000, 0x00000000e9500000|  0%| F|  |TAMS 0x00000000e9400000, 0x00000000e9400000| Untracked 
| 115|0x00000000e9500000, 0x00000000e9500000, 0x00000000e9600000|  0%| F|  |TAMS 0x00000000e9500000, 0x00000000e9500000| Untracked 
| 116|0x00000000e9600000, 0x00000000e9600000, 0x00000000e9700000|  0%| F|  |TAMS 0x00000000e9600000, 0x00000000e9600000| Untracked 
| 117|0x00000000e9700000, 0x00000000e9700000, 0x00000000e9800000|  0%| F|  |TAMS 0x00000000e9700000, 0x00000000e9700000| Untracked 
| 118|0x00000000e9800000, 0x00000000e9800000, 0x00000000e9900000|  0%| F|  |TAMS 0x00000000e9800000, 0x00000000e9800000| Untracked 
| 119|0x00000000e9900000, 0x00000000e9900000, 0x00000000e9a00000|  0%| F|  |TAMS 0x00000000e9900000, 0x00000000e9900000| Untracked 
| 120|0x00000000e9a00000, 0x00000000e9a00000, 0x00000000e9b00000|  0%| F|  |TAMS 0x00000000e9a00000, 0x00000000e9a00000| Untracked 
| 121|0x00000000e9b00000, 0x00000000e9b00000, 0x00000000e9c00000|  0%| F|  |TAMS 0x00000000e9b00000, 0x00000000e9b00000| Untracked 
| 122|0x00000000e9c00000, 0x00000000e9c00000, 0x00000000e9d00000|  0%| F|  |TAMS 0x00000000e9c00000, 0x00000000e9c00000| Untracked 
| 123|0x00000000e9d00000, 0x00000000e9d00000, 0x00000000e9e00000|  0%| F|  |TAMS 0x00000000e9d00000, 0x00000000e9d00000| Untracked 
| 477|0x00000000fff00000, 0x0000000100000000, 0x0000000100000000|100%| O|  |TAMS 0x0000000100000000, 0x0000000100000000| Untracked 

Card table byte_map: [0x0000000019680000,0x0000000019770000] _byte_map_base: 0x0000000018f6f000

Marking Bits (Prev, Next): (CMBitMap*) 0x000000000039f9f0, (CMBitMap*) 0x000000000039fa30
 Prev Bits: [0x0000000019860000, 0x0000000019fd8000)
 Next Bits: [0x0000000019fe0000, 0x000000001a758000)

Polling page: 0x0000000000430000

Metaspace:

Usage:
  Non-class:     24.67 MB used.
      Class:      3.08 MB used.
       Both:     27.74 MB used.

Virtual space:
  Non-class space:       64.00 MB reserved,      24.88 MB ( 39%) committed,  1 nodes.
      Class space:        1.00 GB reserved,       3.31 MB ( <1%) committed,  1 nodes.
             Both:        1.06 GB reserved,      28.19 MB (  3%) committed. 

Chunk freelists:
   Non-Class:  6.20 MB
       Class:  12.72 MB
        Both:  18.92 MB

MaxMetaspaceSize: unlimited
CompressedClassSpaceSize: 1.00 GB
Initial GC threshold: 21.00 MB
Current GC threshold: 45.88 MB
CDS: on
MetaspaceReclaimPolicy: balanced
 - commit_granule_bytes: 65536.
 - commit_granule_words: 8192.
 - virtual_space_node_default_size: 8388608.
 - enlarge_chunks_in_place: 1.
 - new_chunks_are_fully_committed: 0.
 - uncommit_free_chunks: 1.
 - use_allocation_guard: 0.
 - handle_deallocations: 1.


Internal statistics:

num_allocs_failed_limit: 0.
num_arena_births: 186.
num_arena_deaths: 0.
num_vsnodes_births: 2.
num_vsnodes_deaths: 0.
num_space_committed: 451.
num_space_uncommitted: 0.
num_chunks_returned_to_freelist: 0.
num_chunks_taken_from_freelist: 1237.
num_chunk_merges: 0.
num_chunk_splits: 865.
num_chunks_enlarged: 666.
num_inconsistent_stats: 0.

CodeHeap 'non-profiled nmethods': size=120064Kb used=3526Kb max_used=3526Kb free=116537Kb
 bounds [0x0000000011f40000, 0x00000000122c0000, 0x0000000019480000]
CodeHeap 'profiled nmethods': size=120000Kb used=12130Kb max_used=12130Kb free=107869Kb
 bounds [0x000000000a480000, 0x000000000b060000, 0x00000000119b0000]
CodeHeap 'non-nmethods': size=5696Kb used=1211Kb max_used=1255Kb free=4484Kb
 bounds [0x00000000119b0000, 0x0000000011c20000, 0x0000000011f40000]
 total_blobs=6405 nmethods=5885 adapters=431
 compilation: enabled
              stopped_count=0, restarted_count=0
 full_count=0

Compilation events (20 events):
Event: 37.149 Thread 0x000000001d0c9870 nmethod 6621 0x00000000122aeb10 code [0x00000000122aecc0, 0x00000000122af048]
Event: 37.149 Thread 0x000000001d0c9870 6684       4       com.sun.tools.javac.util.Names::fromUtf (11 bytes)
Event: 37.150 Thread 0x000000001d0c9870 nmethod 6684 0x00000000122af490 code [0x00000000122af620, 0x00000000122af6e8]
Event: 37.157 Thread 0x000000001d0c9870 6698   !   4       jdk.internal.loader.URLClassPath$JarLoader::getResource (354 bytes)
Event: 37.242 Thread 0x000000001d0c9870 nmethod 6698 0x00000000122af810 code [0x00000000122afa20, 0x00000000122b0d78]
Event: 37.242 Thread 0x000000001d0c9870 6700  s!   4       jdk.internal.loader.URLClassPath::getLoader (194 bytes)
Event: 37.258 Thread 0x000000001d0d32d0 6702       3       java.util.IdentityHashMap$KeySet::iterator (12 bytes)
Event: 37.259 Thread 0x000000001d0d32d0 nmethod 6702 0x000000000b055c90 code [0x000000000b055e40, 0x000000000b0560a8]
Event: 37.283 Thread 0x000000001d0d32d0 6703       3       java.util.Collections$SetFromMap::iterator (10 bytes)
Event: 37.283 Thread 0x000000001d0d32d0 nmethod 6703 0x000000000b056190 code [0x000000000b056340, 0x000000000b056508]
Event: 37.291 Thread 0x000000001d0d32d0 6704       3       java.lang.Module::allows (60 bytes)
Event: 37.292 Thread 0x000000001d0d32d0 nmethod 6704 0x000000000b056610 code [0x000000000b056820, 0x000000000b056e48]
Event: 37.296 Thread 0x000000001d0d32d0 6705       3       jdk.internal.reflect.ClassFileAssembler::append (30 bytes)
Event: 37.297 Thread 0x000000001d0d32d0 nmethod 6705 0x000000000b056f90 code [0x000000000b057180, 0x000000000b057658]
Event: 37.297 Thread 0x000000001d0d32d0 6706       3       java.lang.WeakPairMap$Pair::lookup (10 bytes)
Event: 37.300 Thread 0x000000001d0d32d0 nmethod 6706 0x000000000b057910 code [0x000000000b057b00, 0x000000000b058078]
Event: 37.300 Thread 0x000000001d0d32d0 6707       3       java.lang.WeakPairMap$Pair$Lookup::hashCode (12 bytes)
Event: 37.300 Thread 0x000000001d0d32d0 nmethod 6707 0x000000000b058290 code [0x000000000b058440, 0x000000000b058618]
Event: 37.301 Thread 0x000000001d0d32d0 6708       3       java.net.URI::<init> (42 bytes)
Event: 37.302 Thread 0x000000001d0d32d0 nmethod 6708 0x000000000b058710 code [0x000000000b0588c0, 0x000000000b058af8]

GC Heap History (20 events):
Event: 31.700 GC heap after
{Heap after GC invocations=34 (full 0):
 garbage-first heap   total 98304K, used 42477K [0x00000000e2200000, 0x0000000100000000)
  region size 1024K, 2 young (2048K), 2 survivors (2048K)
 Metaspace       used 23534K, committed 23808K, reserved 1114112K
  class space    used 2613K, committed 2752K, reserved 1048576K
}
Event: 32.575 GC heap before
{Heap before GC invocations=35 (full 0):
 garbage-first heap   total 98304K, used 63981K [0x00000000e2200000, 0x0000000100000000)
  region size 1024K, 24 young (24576K), 2 survivors (2048K)
 Metaspace       used 24530K, committed 24832K, reserved 1114112K
  class space    used 2720K, committed 2880K, reserved 1048576K
}
Event: 32.591 GC heap after
{Heap after GC invocations=36 (full 0):
 garbage-first heap   total 98304K, used 48118K [0x00000000e2200000, 0x0000000100000000)
  region size 1024K, 3 young (3072K), 3 survivors (3072K)
 Metaspace       used 24530K, committed 24832K, reserved 1114112K
  class space    used 2720K, committed 2880K, reserved 1048576K
}
Event: 33.564 GC heap before
{Heap before GC invocations=36 (full 0):
 garbage-first heap   total 98304K, used 66550K [0x00000000e2200000, 0x0000000100000000)
  region size 1024K, 22 young (22528K), 3 survivors (3072K)
 Metaspace       used 25704K, committed 25984K, reserved 1114112K
  class space    used 2859K, committed 3008K, reserved 1048576K
}
Event: 33.580 GC heap after
{Heap after GC invocations=37 (full 0):
 garbage-first heap   total 98304K, used 48862K [0x00000000e2200000, 0x0000000100000000)
  region size 1024K, 1 young (1024K), 1 survivors (1024K)
 Metaspace       used 25704K, committed 25984K, reserved 1114112K
  class space    used 2859K, committed 3008K, reserved 1048576K
}
Event: 34.936 GC heap before
{Heap before GC invocations=38 (full 0):
 garbage-first heap   total 98304K, used 69342K [0x00000000e2200000, 0x0000000100000000)
  region size 1024K, 22 young (22528K), 1 survivors (1024K)
 Metaspace       used 27693K, committed 28032K, reserved 1114112K
  class space    used 3097K, committed 3264K, reserved 1048576K
}
Event: 34.948 GC heap after
{Heap after GC invocations=39 (full 0):
 garbage-first heap   total 98304K, used 51200K [0x00000000e2200000, 0x0000000100000000)
  region size 1024K, 3 young (3072K), 3 survivors (3072K)
 Metaspace       used 27693K, committed 28032K, reserved 1114112K
  class space    used 3097K, committed 3264K, reserved 1048576K
}
Event: 35.345 GC heap before
{Heap before GC invocations=39 (full 0):
 garbage-first heap   total 98304K, used 71680K [0x00000000e2200000, 0x0000000100000000)
  region size 1024K, 24 young (24576K), 3 survivors (3072K)
 Metaspace       used 27718K, committed 28096K, reserved 1114112K
  class space    used 3097K, committed 3264K, reserved 1048576K
}
Event: 35.359 GC heap after
{Heap after GC invocations=40 (full 0):
 garbage-first heap   total 98304K, used 55440K [0x00000000e2200000, 0x0000000100000000)
  region size 1024K, 3 young (3072K), 3 survivors (3072K)
 Metaspace       used 27718K, committed 28096K, reserved 1114112K
  class space    used 3097K, committed 3264K, reserved 1048576K
}
Event: 35.842 GC heap before
{Heap before GC invocations=41 (full 0):
 garbage-first heap   total 106496K, used 71824K [0x00000000e2200000, 0x0000000100000000)
  region size 1024K, 21 young (21504K), 3 survivors (3072K)
 Metaspace       used 27838K, committed 28224K, reserved 1114112K
  class space    used 3099K, committed 3328K, reserved 1048576K
}
Event: 35.854 GC heap after
{Heap after GC invocations=42 (full 0):
 garbage-first heap   total 106496K, used 62935K [0x00000000e2200000, 0x0000000100000000)
  region size 1024K, 3 young (3072K), 3 survivors (3072K)
 Metaspace       used 27838K, committed 28224K, reserved 1114112K
  class space    used 3099K, committed 3328K, reserved 1048576K
}
Event: 35.875 GC heap before
{Heap before GC invocations=42 (full 0):
 garbage-first heap   total 106496K, used 64983K [0x00000000e2200000, 0x0000000100000000)
  region size 1024K, 5 young (5120K), 3 survivors (3072K)
 Metaspace       used 27841K, committed 28224K, reserved 1114112K
  class space    used 3099K, committed 3328K, reserved 1048576K
}
Event: 35.882 GC heap after
{Heap after GC invocations=43 (full 0):
 garbage-first heap   total 106496K, used 61158K [0x00000000e2200000, 0x0000000100000000)
  region size 1024K, 1 young (1024K), 1 survivors (1024K)
 Metaspace       used 27841K, committed 28224K, reserved 1114112K
  class space    used 3099K, committed 3328K, reserved 1048576K
}
Event: 36.183 GC heap before
{Heap before GC invocations=43 (full 0):
 garbage-first heap   total 106496K, used 78566K [0x00000000e2200000, 0x0000000100000000)
  region size 1024K, 18 young (18432K), 1 survivors (1024K)
 Metaspace       used 27854K, committed 28224K, reserved 1114112K
  class space    used 3099K, committed 3328K, reserved 1048576K
}
Event: 36.193 GC heap after
{Heap after GC invocations=44 (full 0):
 garbage-first heap   total 106496K, used 67584K [0x00000000e2200000, 0x0000000100000000)
  region size 1024K, 3 young (3072K), 3 survivors (3072K)
 Metaspace       used 27854K, committed 28224K, reserved 1114112K
  class space    used 3099K, committed 3328K, reserved 1048576K
}
Event: 36.690 GC heap before
{Heap before GC invocations=45 (full 0):
 garbage-first heap   total 128000K, used 81920K [0x00000000e2200000, 0x0000000100000000)
  region size 1024K, 17 young (17408K), 3 survivors (3072K)
 Metaspace       used 27872K, committed 28224K, reserved 1114112K
  class space    used 3100K, committed 3328K, reserved 1048576K
}
Event: 36.708 GC heap after
{Heap after GC invocations=46 (full 0):
 garbage-first heap   total 128000K, used 71644K [0x00000000e2200000, 0x0000000100000000)
  region size 1024K, 3 young (3072K), 3 survivors (3072K)
 Metaspace       used 27872K, committed 28224K, reserved 1114112K
  class space    used 3100K, committed 3328K, reserved 1048576K
}
Event: 36.737 GC heap before
{Heap before GC invocations=46 (full 0):
 garbage-first heap   total 128000K, used 74716K [0x00000000e2200000, 0x0000000100000000)
  region size 1024K, 6 young (6144K), 3 survivors (3072K)
 Metaspace       used 27872K, committed 28224K, reserved 1114112K
  class space    used 3100K, committed 3328K, reserved 1048576K
}
Event: 36.749 GC heap after
{Heap after GC invocations=47 (full 0):
 garbage-first heap   total 128000K, used 69171K [0x00000000e2200000, 0x0000000100000000)
  region size 1024K, 1 young (1024K), 1 survivors (1024K)
 Metaspace       used 27872K, committed 28224K, reserved 1114112K
  class space    used 3100K, committed 3328K, reserved 1048576K
}
Event: 37.336 GC heap before
{Heap before GC invocations=47 (full 0):
 garbage-first heap   total 128000K, used 91699K [0x00000000e2200000, 0x0000000100000000)
  region size 1024K, 23 young (23552K), 1 survivors (1024K)
 Metaspace       used 28410K, committed 28864K, reserved 1114112K
  class space    used 3153K, committed 3392K, reserved 1048576K
}

Dll operation events (13 events):
Event: 0.014 Loaded shared library C:\Users\Fabricio\.jdks\temurin-17.0.16\bin\java.dll
Event: 0.488 Loaded shared library C:\Users\Fabricio\.jdks\temurin-17.0.16\bin\jsvml.dll
Event: 0.676 Loaded shared library C:\Users\Fabricio\.jdks\temurin-17.0.16\bin\zip.dll
Event: 0.698 Loaded shared library C:\Users\Fabricio\.jdks\temurin-17.0.16\bin\instrument.dll
Event: 0.722 Loaded shared library C:\Users\Fabricio\.jdks\temurin-17.0.16\bin\net.dll
Event: 0.739 Loaded shared library C:\Users\Fabricio\.jdks\temurin-17.0.16\bin\nio.dll
Event: 0.744 Loaded shared library C:\Users\Fabricio\.jdks\temurin-17.0.16\bin\zip.dll
Event: 0.772 Loaded shared library C:\Program Files\JetBrains\IntelliJ IDEA Community Edition 2020.3.4\bin\breakgen64.dll
Event: 0.863 Loaded shared library C:\Users\Fabricio\.jdks\temurin-17.0.16\bin\extnet.dll
Event: 1.059 Loaded shared library C:\Users\Fabricio\.jdks\temurin-17.0.16\bin\verify.dll
Event: 1.078 Loaded shared library C:\Users\Fabricio\.jdks\temurin-17.0.16\bin\jimage.dll
Event: 1.286 Loaded shared library C:\Users\Fabricio\AppData\Local\Temp\jansi-1.17.1-17628102233140291168.dll
Event: 1.306 Loaded shared library C:\Users\Fabricio\AppData\Local\Temp\jansi-1.17.1-7768674780253609331.dll

Deoptimization events (20 events):
Event: 35.328 Thread 0x000000000036d240 DEOPT PACKING pc=0x000000000aec655c sp=0x00000000021fc740
Event: 35.328 Thread 0x000000000036d240 DEOPT UNPACKING pc=0x0000000011a07124 sp=0x00000000021fbcc0 mode 0
Event: 35.376 Thread 0x000000000036d240 DEOPT PACKING pc=0x000000000aec655c sp=0x00000000021fc690
Event: 35.376 Thread 0x000000000036d240 DEOPT UNPACKING pc=0x0000000011a07124 sp=0x00000000021fbc10 mode 0
Event: 35.416 Thread 0x000000000036d240 DEOPT PACKING pc=0x000000000aec655c sp=0x00000000021fc690
Event: 35.416 Thread 0x000000000036d240 DEOPT UNPACKING pc=0x0000000011a07124 sp=0x00000000021fbc10 mode 0
Event: 35.806 Thread 0x000000000036d240 DEOPT PACKING pc=0x000000000a7383a8 sp=0x00000000021fc810
Event: 35.806 Thread 0x000000000036d240 DEOPT UNPACKING pc=0x0000000011a07124 sp=0x00000000021fbc90 mode 0
Event: 35.806 Thread 0x000000000036d240 Uncommon trap: trap_request=0xffffffd6 fr.pc=0x000000001219fda4 relative=0x0000000000000404
Event: 35.806 Thread 0x000000000036d240 Uncommon trap: reason=array_check action=maybe_recompile pc=0x000000001219fda4 method=java.util.LinkedHashMap.valuesToArray([Ljava/lang/Object;)[Ljava/lang/Object; @ 25 c2
Event: 35.806 Thread 0x000000000036d240 DEOPT PACKING pc=0x000000001219fda4 sp=0x00000000021fc7e0
Event: 35.806 Thread 0x000000000036d240 DEOPT UNPACKING pc=0x0000000011a0699d sp=0x00000000021fc788 mode 2
Event: 35.927 Thread 0x000000000036d240 DEOPT PACKING pc=0x000000000a6b4a28 sp=0x00000000021fcb60
Event: 35.927 Thread 0x000000000036d240 DEOPT UNPACKING pc=0x0000000011a07124 sp=0x00000000021fc0a0 mode 0
Event: 37.262 Thread 0x000000000036d240 DEOPT PACKING pc=0x000000000a98f85f sp=0x00000000021f90a0
Event: 37.262 Thread 0x000000000036d240 DEOPT UNPACKING pc=0x0000000011a07124 sp=0x00000000021f8528 mode 0
Event: 37.275 Thread 0x000000000036d240 DEOPT PACKING pc=0x000000000a8f0c31 sp=0x00000000021fae90
Event: 37.275 Thread 0x000000000036d240 DEOPT UNPACKING pc=0x0000000011a07124 sp=0x00000000021fa388 mode 0
Event: 37.331 Thread 0x000000000036d240 DEOPT PACKING pc=0x000000000a98f85f sp=0x00000000021fbc20
Event: 37.331 Thread 0x000000000036d240 DEOPT UNPACKING pc=0x0000000011a07124 sp=0x00000000021fb0a8 mode 0

Classes loaded (20 events):
Event: 34.433 Loading class java/nio/file/Path$1
Event: 34.433 Loading class java/nio/file/Path$1 done
Event: 34.434 Loading class java/nio/channels/Channels$1
Event: 34.434 Loading class java/nio/channels/Channels$1 done
Event: 34.505 Loading class java/util/EnumMap$EntrySet
Event: 34.505 Loading class java/util/EnumMap$EntrySet done
Event: 34.505 Loading class java/util/EnumMap$EntryIterator
Event: 34.505 Loading class java/util/EnumMap$EnumMapIterator
Event: 34.505 Loading class java/util/EnumMap$EnumMapIterator done
Event: 34.505 Loading class java/util/EnumMap$EntryIterator done
Event: 34.506 Loading class java/util/EnumMap$EntryIterator$Entry
Event: 34.506 Loading class java/util/EnumMap$EntryIterator$Entry done
Event: 34.702 Loading class java/util/EnumMap$Values
Event: 34.702 Loading class java/util/EnumMap$Values done
Event: 34.702 Loading class java/util/EnumMap$ValueIterator
Event: 34.702 Loading class java/util/EnumMap$ValueIterator done
Event: 34.710 Loading class java/util/WeakHashMap$KeyIterator
Event: 34.710 Loading class java/util/WeakHashMap$KeyIterator done
Event: 37.234 Loading class jdk/internal/module/IllegalAccessLogger
Event: 37.234 Loading class jdk/internal/module/IllegalAccessLogger done

Classes unloaded (0 events):
No events

Classes redefined (0 events):
No events

Internal exceptions (20 events):
Event: 37.031 Thread 0x000000000036d240 Exception <a 'sun/nio/fs/WindowsException'{0x00000000e8ee10e8}> (0x00000000e8ee10e8) 
thrown [s\src\hotspot\share\prims\jni.cpp, line 516]
Event: 37.031 Thread 0x000000000036d240 Exception <a 'sun/nio/fs/WindowsException'{0x00000000e8ee1ab0}> (0x00000000e8ee1ab0) 
thrown [s\src\hotspot\share\prims\jni.cpp, line 516]
Event: 37.031 Thread 0x000000000036d240 Exception <a 'sun/nio/fs/WindowsException'{0x00000000e8ee2b60}> (0x00000000e8ee2b60) 
thrown [s\src\hotspot\share\prims\jni.cpp, line 516]
Event: 37.032 Thread 0x000000000036d240 Exception <a 'sun/nio/fs/WindowsException'{0x00000000e8ee4098}> (0x00000000e8ee4098) 
thrown [s\src\hotspot\share\prims\jni.cpp, line 516]
Event: 37.032 Thread 0x000000000036d240 Exception <a 'sun/nio/fs/WindowsException'{0x00000000e8ee4b20}> (0x00000000e8ee4b20) 
thrown [s\src\hotspot\share\prims\jni.cpp, line 516]
Event: 37.033 Thread 0x000000000036d240 Exception <a 'sun/nio/fs/WindowsException'{0x00000000e8eea178}> (0x00000000e8eea178) 
thrown [s\src\hotspot\share\prims\jni.cpp, line 516]
Event: 37.033 Thread 0x000000000036d240 Exception <a 'sun/nio/fs/WindowsException'{0x00000000e8eeaa80}> (0x00000000e8eeaa80) 
thrown [s\src\hotspot\share\prims\jni.cpp, line 516]
Event: 37.033 Thread 0x000000000036d240 Exception <a 'sun/nio/fs/WindowsException'{0x00000000e8eeddb8}> (0x00000000e8eeddb8) 
thrown [s\src\hotspot\share\prims\jni.cpp, line 516]
Event: 37.034 Thread 0x000000000036d240 Exception <a 'sun/nio/fs/WindowsException'{0x00000000e8ef2ae0}> (0x00000000e8ef2ae0) 
thrown [s\src\hotspot\share\prims\jni.cpp, line 516]
Event: 37.034 Thread 0x000000000036d240 Exception <a 'sun/nio/fs/WindowsException'{0x00000000e8ef34a8}> (0x00000000e8ef34a8) 
thrown [s\src\hotspot\share\prims\jni.cpp, line 516]
Event: 37.051 Thread 0x000000000036d240 Exception <a 'sun/nio/fs/WindowsException'{0x00000000e8d213d0}> (0x00000000e8d213d0) 
thrown [s\src\hotspot\share\prims\jni.cpp, line 516]
Event: 37.051 Thread 0x000000000036d240 Exception <a 'sun/nio/fs/WindowsException'{0x00000000e8d21ce0}> (0x00000000e8d21ce0) 
thrown [s\src\hotspot\share\prims\jni.cpp, line 516]
Event: 37.052 Thread 0x000000000036d240 Exception <a 'sun/nio/fs/WindowsException'{0x00000000e8d2cf20}> (0x00000000e8d2cf20) 
thrown [s\src\hotspot\share\prims\jni.cpp, line 516]
Event: 37.052 Thread 0x000000000036d240 Exception <a 'sun/nio/fs/WindowsException'{0x00000000e8d3fa30}> (0x00000000e8d3fa30) 
thrown [s\src\hotspot\share\prims\jni.cpp, line 516]
Event: 37.053 Thread 0x000000000036d240 Exception <a 'sun/nio/fs/WindowsException'{0x00000000e8d40400}> (0x00000000e8d40400) 
thrown [s\src\hotspot\share\prims\jni.cpp, line 516]
Event: 37.094 Thread 0x000000000036d240 Exception <a 'sun/nio/fs/WindowsException'{0x00000000e8ced858}> (0x00000000e8ced858) 
thrown [s\src\hotspot\share\prims\jni.cpp, line 516]
Event: 37.094 Thread 0x000000000036d240 Exception <a 'sun/nio/fs/WindowsException'{0x00000000e8cee6e0}> (0x00000000e8cee6e0) 
thrown [s\src\hotspot\share\prims\jni.cpp, line 516]
Event: 37.095 Thread 0x000000000036d240 Exception <a 'sun/nio/fs/WindowsException'{0x00000000e8cf5e18}> (0x00000000e8cf5e18) 
thrown [s\src\hotspot\share\prims\jni.cpp, line 516]
Event: 37.095 Thread 0x000000000036d240 Exception <a 'sun/nio/fs/WindowsException'{0x00000000e8b06308}> (0x00000000e8b06308) 
thrown [s\src\hotspot\share\prims\jni.cpp, line 516]
Event: 37.096 Thread 0x000000000036d240 Exception <a 'sun/nio/fs/WindowsException'{0x00000000e8b07250}> (0x00000000e8b07250) 
thrown [s\src\hotspot\share\prims\jni.cpp, line 516]

VM Operations (20 events):
Event: 35.359 Executing VM operation: G1CollectForAllocation done
Event: 35.527 Executing VM operation: G1PauseRemark
Event: 35.542 Executing VM operation: G1PauseRemark done
Event: 35.611 Executing VM operation: G1PauseCleanup
Event: 35.611 Executing VM operation: G1PauseCleanup done
Event: 35.842 Executing VM operation: G1CollectForAllocation
Event: 35.854 Executing VM operation: G1CollectForAllocation done
Event: 35.875 Executing VM operation: G1CollectForAllocation
Event: 35.883 Executing VM operation: G1CollectForAllocation done
Event: 36.183 Executing VM operation: G1CollectForAllocation
Event: 36.193 Executing VM operation: G1CollectForAllocation done
Event: 36.362 Executing VM operation: G1PauseRemark
Event: 36.404 Executing VM operation: G1PauseRemark done
Event: 36.461 Executing VM operation: G1PauseCleanup
Event: 36.467 Executing VM operation: G1PauseCleanup done
Event: 36.690 Executing VM operation: G1CollectForAllocation
Event: 36.708 Executing VM operation: G1CollectForAllocation done
Event: 36.737 Executing VM operation: G1CollectForAllocation
Event: 36.749 Executing VM operation: G1CollectForAllocation done
Event: 37.336 Executing VM operation: G1CollectForAllocation

Memory protections (0 events):
No events

Nmethod flushes (20 events):
Event: 29.135 Thread 0x000000001d0d4f20 flushing  nmethod 0x000000000ad59c10
Event: 29.135 Thread 0x000000001d0d4f20 flushing  nmethod 0x000000000ad6ff90
Event: 29.135 Thread 0x000000001d0d4f20 flushing  nmethod 0x000000000ad76910
Event: 29.135 Thread 0x000000001d0d4f20 flushing  nmethod 0x000000000ad82610
Event: 29.135 Thread 0x000000001d0d4f20 flushing  nmethod 0x000000000ad9f390
Event: 29.135 Thread 0x000000001d0d4f20 flushing  nmethod 0x000000000ada1090
Event: 29.135 Thread 0x000000001d0d4f20 flushing  nmethod 0x000000000ada1490
Event: 29.135 Thread 0x000000001d0d4f20 flushing  nmethod 0x000000000ada1b10
Event: 29.135 Thread 0x000000001d0d4f20 flushing  nmethod 0x000000000adafb90
Event: 29.136 Thread 0x000000001d0d4f20 flushing  nmethod 0x000000000adf6890
Event: 29.136 Thread 0x000000001d0d4f20 flushing  nmethod 0x000000000ae38e10
Event: 29.136 Thread 0x000000001d0d4f20 flushing  nmethod 0x000000000ae42e90
Event: 29.136 Thread 0x000000001d0d4f20 flushing  nmethod 0x000000000ae72d90
Event: 29.136 Thread 0x000000001d0d4f20 flushing  nmethod 0x000000000ae75c90
Event: 29.136 Thread 0x000000001d0d4f20 flushing  nmethod 0x000000000ae79090
Event: 29.136 Thread 0x000000001d0d4f20 flushing  nmethod 0x000000000ae85d90
Event: 29.136 Thread 0x000000001d0d4f20 flushing  nmethod 0x000000000ae86390
Event: 29.136 Thread 0x000000001d0d4f20 flushing  nmethod 0x000000000ae88b10
Event: 29.136 Thread 0x000000001d0d4f20 flushing  nmethod 0x000000000aeb4d90
Event: 29.136 Thread 0x000000001d0d4f20 flushing  nmethod 0x000000000aec2710

Events (13 events):
Event: 0.488 Thread 0x000000000036d240 Thread added: 0x000000000036d240
Event: 0.494 Thread 0x000000000036d240 Thread added: 0x000000001d0bbea0
Event: 0.494 Thread 0x000000000036d240 Thread added: 0x000000001d0bca30
Event: 0.506 Thread 0x000000000036d240 Thread added: 0x000000001d0c6870
Event: 0.506 Thread 0x000000000036d240 Thread added: 0x000000001d0c7140
Event: 0.506 Thread 0x000000000036d240 Thread added: 0x000000001d0c82f0
Event: 0.507 Thread 0x000000000036d240 Thread added: 0x000000001d0c8bc0
Event: 0.512 Thread 0x000000000036d240 Thread added: 0x000000001d0c9870
Event: 0.512 Thread 0x000000000036d240 Thread added: 0x000000001d0d32d0
Event: 0.515 Thread 0x000000000036d240 Thread added: 0x000000001d0d4f20
Event: 0.598 Thread 0x000000000036d240 Thread added: 0x000000001d24b980
Event: 0.774 Thread 0x000000000036d240 Thread added: 0x000000001d2ba5d0
Event: 0.775 Thread 0x000000000036d240 Thread added: 0x000000001d2baab0


Dynamic libraries:
0x000000013fc20000 - 0x000000013fc2e000 	C:\Users\Fabricio\.jdks\temurin-17.0.16\bin\java.exe
0x00000000776d0000 - 0x000000007786f000 	C:\Windows\SYSTEM32\ntdll.dll
0x00000000774b0000 - 0x00000000775cf000 	C:\Windows\system32\kernel32.dll
0x000007fefd570000 - 0x000007fefd5d7000 	C:\Windows\system32\KERNELBASE.dll
0x000007fef3730000 - 0x000007fef3747000 	C:\Users\Fabricio\.jdks\temurin-17.0.16\bin\jli.dll
0x000007fefbc70000 - 0x000007fefbe65000 	C:\Windows\WinSxS\amd64_microsoft.windows.common-controls_6595b64144ccf1df_6.0.7601.24483_none_e372d88f30fbb845\COMCTL32.dll
0x000007fefe370000 - 0x000007fefe40f000 	C:\Windows\system32\msvcrt.dll
0x000007fefe930000 - 0x000007fefe997000 	C:\Windows\system32\GDI32.dll
0x00000000775d0000 - 0x00000000776cb000 	C:\Windows\system32\USER32.dll
0x000007feff620000 - 0x000007feff62e000 	C:\Windows\system32\LPK.dll
0x000007fefe9a0000 - 0x000007fefea6b000 	C:\Windows\system32\USP10.dll
0x000007feff5a0000 - 0x000007feff611000 	C:\Windows\system32\SHLWAPI.dll
0x000007fef6790000 - 0x000007fef67ae000 	C:\Users\Fabricio\.jdks\temurin-17.0.16\bin\VCRUNTIME140.dll
0x000007fef3720000 - 0x000007fef3725000 	C:\Users\Fabricio\.jdks\temurin-17.0.16\bin\api-ms-win-crt-runtime-l1-1-0.dll
0x000007feef970000 - 0x000007feefabb000 	C:\Users\Fabricio\.jdks\temurin-17.0.16\bin\ucrtbase.DLL
0x000007fef6050000 - 0x000007fef6054000 	C:\Users\Fabricio\.jdks\temurin-17.0.16\bin\api-ms-win-core-sysinfo-l1-2-0.dll
0x000007fef3700000 - 0x000007fef3704000 	C:\Users\Fabricio\.jdks\temurin-17.0.16\bin\api-ms-win-core-kernel32-legacy-l1-1-1.dll
0x000007fef3710000 - 0x000007fef3714000 	C:\Users\Fabricio\.jdks\temurin-17.0.16\bin\api-ms-win-core-file-l1-2-0.dll
0x000007fef3220000 - 0x000007fef3224000 	C:\Users\Fabricio\.jdks\temurin-17.0.16\bin\api-ms-win-core-localization-l1-2-0.dll
0x000007fef3240000 - 0x000007fef3244000 	C:\Users\Fabricio\.jdks\temurin-17.0.16\bin\api-ms-win-core-fibers-l1-1-1.dll
0x000007fef2100000 - 0x000007fef2104000 	C:\Users\Fabricio\.jdks\temurin-17.0.16\bin\api-ms-win-core-processthreads-l1-1-1.dll
0x000007fef2110000 - 0x000007fef2114000 	C:\Users\Fabricio\.jdks\temurin-17.0.16\bin\api-ms-win-core-timezone-l1-1-0.dll
0x000007fef20e0000 - 0x000007fef20e4000 	C:\Users\Fabricio\.jdks\temurin-17.0.16\bin\api-ms-win-core-file-l2-1-0.dll
0x000007fef20f0000 - 0x000007fef20f4000 	C:\Users\Fabricio\.jdks\temurin-17.0.16\bin\api-ms-win-core-synch-l1-2-0.dll
0x000007fef1f70000 - 0x000007fef1f74000 	C:\Users\Fabricio\.jdks\temurin-17.0.16\bin\api-ms-win-crt-heap-l1-1-0.dll
0x000007fef20d0000 - 0x000007fef20d5000 	C:\Users\Fabricio\.jdks\temurin-17.0.16\bin\api-ms-win-crt-string-l1-1-0.dll
0x000007fef1f50000 - 0x000007fef1f55000 	C:\Users\Fabricio\.jdks\temurin-17.0.16\bin\api-ms-win-crt-stdio-l1-1-0.dll
0x000007fef1f60000 - 0x000007fef1f65000 	C:\Users\Fabricio\.jdks\temurin-17.0.16\bin\api-ms-win-crt-convert-l1-1-0.dll
0x000007fef1f30000 - 0x000007fef1f34000 	C:\Users\Fabricio\.jdks\temurin-17.0.16\bin\api-ms-win-crt-environment-l1-1-0.dll
0x000007fef1f40000 - 0x000007fef1f44000 	C:\Users\Fabricio\.jdks\temurin-17.0.16\bin\api-ms-win-crt-filesystem-l1-1-0.dll
0x000007fef1f10000 - 0x000007fef1f16000 	C:\Users\Fabricio\.jdks\temurin-17.0.16\bin\api-ms-win-crt-math-l1-1-0.dll
0x000007fef1f20000 - 0x000007fef1f24000 	C:\Users\Fabricio\.jdks\temurin-17.0.16\bin\api-ms-win-crt-locale-l1-1-0.dll
0x000007fefe770000 - 0x000007fefe79e000 	C:\Windows\system32\IMM32.DLL
0x000007feff650000 - 0x000007feff75b000 	C:\Windows\system32\MSCTF.dll
0x000007fef1760000 - 0x000007fef176c000 	C:\Users\Fabricio\.jdks\temurin-17.0.16\bin\vcruntime140_1.dll
0x000007feefb80000 - 0x000007feefc0d000 	C:\Users\Fabricio\.jdks\temurin-17.0.16\bin\msvcp140.dll
0x000007fef1f00000 - 0x000007fef1f04000 	C:\Users\Fabricio\.jdks\temurin-17.0.16\bin\api-ms-win-crt-time-l1-1-0.dll
0x000007fef0820000 - 0x000007fef0824000 	C:\Users\Fabricio\.jdks\temurin-17.0.16\bin\api-ms-win-crt-utility-l1-1-0.dll
0x000007feebf40000 - 0x000007feecbab000 	C:\Users\Fabricio\.jdks\temurin-17.0.16\bin\server\jvm.dll
0x000007fefed30000 - 0x000007fefee0b000 	C:\Windows\system32\ADVAPI32.dll
0x000007feff3f0000 - 0x000007feff40f000 	C:\Windows\SYSTEM32\sechost.dll
0x000007fefee10000 - 0x000007fefef3c000 	C:\Windows\system32\RPCRT4.dll
0x000007fefbb90000 - 0x000007fefbbbc000 	C:\Windows\system32\POWRPROF.dll
0x000007fefea70000 - 0x000007fefec47000 	C:\Windows\system32\SETUPAPI.dll
0x000007fefd250000 - 0x000007fefd286000 	C:\Windows\system32\CFGMGR32.dll
0x000007fefec50000 - 0x000007fefed2b000 	C:\Windows\system32\OLEAUT32.dll
0x000007feff7c0000 - 0x000007feff9bf000 	C:\Windows\system32\ole32.dll
0x000007fefd2a0000 - 0x000007fefd2ba000 	C:\Windows\system32\DEVOBJ.dll
0x000007fefe840000 - 0x000007fefe88d000 	C:\Windows\system32\WS2_32.dll
0x000007fefe410000 - 0x000007fefe418000 	C:\Windows\system32\NSI.dll
0x000007fef4eb0000 - 0x000007fef4eeb000 	C:\Windows\system32\WINMM.dll
0x000007fefc010000 - 0x000007fefc01c000 	C:\Windows\system32\VERSION.dll
0x000007fef1750000 - 0x000007fef175a000 	C:\Users\Fabricio\.jdks\temurin-17.0.16\bin\jimage.dll
0x000007feef840000 - 0x000007feef965000 	C:\Windows\system32\DBGHELP.DLL
0x000007fef0800000 - 0x000007fef080e000 	C:\Users\Fabricio\.jdks\temurin-17.0.16\bin\instrument.dll
0x000007fef0410000 - 0x000007fef0435000 	C:\Users\Fabricio\.jdks\temurin-17.0.16\bin\java.dll
0x000007feef670000 - 0x000007feef747000 	C:\Users\Fabricio\.jdks\temurin-17.0.16\bin\jsvml.dll
0x000007fefd5e0000 - 0x000007fefe36b000 	C:\Windows\system32\SHELL32.dll
0x000007fefd220000 - 0x000007fefd22f000 	C:\Windows\system32\profapi.dll
0x000007feefb60000 - 0x000007feefb78000 	C:\Users\Fabricio\.jdks\temurin-17.0.16\bin\zip.dll
0x000007feefb40000 - 0x000007feefb59000 	C:\Users\Fabricio\.jdks\temurin-17.0.16\bin\net.dll
0x000007fef7d50000 - 0x000007fef7dc1000 	C:\Windows\system32\WINHTTP.dll
0x000007fef7ce0000 - 0x000007fef7d44000 	C:\Windows\system32\webio.dll
0x000007fefc960000 - 0x000007fefc9b5000 	C:\Windows\system32\mswsock.dll
0x000007fefc950000 - 0x000007fefc957000 	C:\Windows\System32\wship6.dll
0x000007feefb20000 - 0x000007feefb36000 	C:\Users\Fabricio\.jdks\temurin-17.0.16\bin\nio.dll
0x000007feefb00000 - 0x000007feefb1a000 	C:\Program Files\JetBrains\IntelliJ IDEA Community Edition 2020.3.4\bin\breakgen64.dll
0x000007fef0810000 - 0x000007fef0819000 	C:\Users\Fabricio\.jdks\temurin-17.0.16\bin\extnet.dll
0x000007fef07f0000 - 0x000007fef0800000 	C:\Users\Fabricio\.jdks\temurin-17.0.16\bin\verify.dll
0x000007fefc9c0000 - 0x000007fefc9d8000 	C:\Windows\system32\CRYPTSP.dll
0x000007fefc6c0000 - 0x000007fefc707000 	C:\Windows\system32\rsaenh.dll
0x000007fefd480000 - 0x000007fefd49f000 	C:\Windows\system32\USERENV.dll
0x000007fefd0c0000 - 0x000007fefd0cf000 	C:\Windows\system32\CRYPTBASE.dll
0x000007fefaad0000 - 0x000007fefaaf7000 	C:\Windows\system32\IPHLPAPI.DLL
0x000007fefaac0000 - 0x000007fefaacb000 	C:\Windows\system32\WINNSI.DLL
0x000007fefa820000 - 0x000007fefa838000 	C:\Windows\system32\dhcpcsvc.DLL
0x000007fefa580000 - 0x000007fefa591000 	C:\Windows\system32\dhcpcsvc6.DLL
0x000007feefaf0000 - 0x000007feefafa000 	C:\Users\Fabricio\AppData\Local\Temp\jansi-1.17.1-17628102233140291168.dll
0x000007feefae0000 - 0x000007feefaea000 	C:\Users\Fabricio\AppData\Local\Temp\jansi-1.17.1-7768674780253609331.dll

dbghelp: loaded successfully - version: 4.0.5 - missing functions: none
symbol engine: initialized successfully - sym options: 0x614 - pdb path: .;C:\Users\Fabricio\.jdks\temurin-17.0.16\bin;C:\Windows\SYSTEM32;C:\Windows\WinSxS\amd64_microsoft.windows.common-controls_6595b64144ccf1df_6.0.7601.24483_none_e372d88f30fbb845;C:\Users\Fabricio\.jdks\temurin-17.0.16\bin\server;C:\Program Files\JetBrains\IntelliJ IDEA Community Edition 2020.3.4\bin;C:\Users\Fabricio\AppData\Local\Temp

VM Arguments:
jvm_args: -Dmaven.multiModuleProjectDirectory=C:\Users\Fabricio\IdeaProjects\apipet-store -Dmaven.home=C:\Program Files\JetBrains\IntelliJ IDEA Community Edition 2020.3.4\plugins\maven\lib\maven3 -Dclassworlds.conf=C:\Program Files\JetBrains\IntelliJ IDEA Community Edition 2020.3.4\plugins\maven\lib\maven3\bin\m2.conf -Dmaven.ext.class.path=C:\Program Files\JetBrains\IntelliJ IDEA Community Edition 2020.3.4\plugins\maven\lib\maven-event-listener.jar -javaagent:C:\Program Files\JetBrains\IntelliJ IDEA Community Edition 2020.3.4\lib\idea_rt.jar=49729:C:\Program Files\JetBrains\IntelliJ IDEA Community Edition 2020.3.4\bin -Dfile.encoding=UTF-8 
java_command: org.codehaus.classworlds.Launcher -Didea.version=2020.3.4 install
java_class_path (initial): C:\Program Files\JetBrains\IntelliJ IDEA Community Edition 2020.3.4\plugins\maven\lib\maven3\boot\plexus-classworlds-2.6.0.jar;C:\Program Files\JetBrains\IntelliJ IDEA Community Edition 2020.3.4\plugins\maven\lib\maven3\boot\plexus-classworlds.license
Launcher Type: SUN_STANDARD

[Global flags]
     intx CICompilerCount                          = 2                                         {product} {ergonomic}
     uint ConcGCThreads                            = 1                                         {product} {ergonomic}
     uint G1ConcRefinementThreads                  = 2                                         {product} {ergonomic}
   size_t G1HeapRegionSize                         = 1048576                                   {product} {ergonomic}
    uintx GCDrainStackTargetSize                   = 64                                        {product} {ergonomic}
   size_t InitialHeapSize                          = 31457280                                  {product} {ergonomic}
   size_t MarkStackSize                            = 4194304                                   {product} {ergonomic}
   size_t MaxHeapSize                              = 501219328                                 {product} {ergonomic}
   size_t MaxNewSize                               = 299892736                                 {product} {ergonomic}
   size_t MinHeapDeltaBytes                        = 1048576                                   {product} {ergonomic}
   size_t MinHeapSize                              = 8388608                                   {product} {ergonomic}
    uintx NonNMethodCodeHeapSize                   = 5826188                                {pd product} {ergonomic}
    uintx NonProfiledCodeHeapSize                  = 122916026                              {pd product} {ergonomic}
    uintx ProfiledCodeHeapSize                     = 122916026                              {pd product} {ergonomic}
    uintx ReservedCodeCacheSize                    = 251658240                              {pd product} {ergonomic}
     bool SegmentedCodeCache                       = true                                      {product} {ergonomic}
   size_t SoftMaxHeapSize                          = 501219328                              {manageable} {ergonomic}
     bool UseCompressedClassPointers               = true                           {product lp64_product} {ergonomic}
     bool UseCompressedOops                        = true                           {product lp64_product} {ergonomic}
     bool UseG1GC                                  = true                                      {product} {ergonomic}
     bool UseLargePagesIndividualAllocation        = false                                  {pd product} {ergonomic}

Logging:
Log output configuration:
 #0: stdout all=warning uptime,level,tags
 #1: stderr all=off uptime,level,tags

Environment Variables:
JAVA_HOME=C:\Program Files (x86)\Java\jdk-17.0.16+8
PATH=C:\Program Files\Common Files\Oracle\Java\javapath;C:\Program Files (x86)\Common Files\Oracle\Java\java8path;C:\Program Files (x86)\Common Files\Oracle\Java\javapath;C:\Windows\system32;C:\Windows;C:\Windows\System32\Wbem;C:\Windows\System32\WindowsPowerShell\v1.0\;C:\Program Files\Broadcom\Broadcom 802.11 Network Adapter\Driver;C:\Program Files\Microsoft\Web Platform Installer\;C:\Program Files (x86)\Microsoft ASP.NET\ASP.NET Web Pages\v1.0\;C:\Program Files\Microsoft SQL Server\110\Tools\Binn\;C:\xampp\php;C:\Program Files (x86)\GtkSharp\2.12\bin;C:\Program Files\dotnet\;C:\Program Files (x86)\Git\cmd;C:\Program Files\JetBrains\IntelliJ IDEA Community Edition 2020.3.4\bin;;C:\Apache-maven\apache-maven-3.9.11\bin;C:\Program Files (x86)\Java\jdk-17.0.16+8\bin
USERNAME=Fabricio
OS=Windows_NT
PROCESSOR_IDENTIFIER=Intel64 Family 6 Model 37 Stepping 5, GenuineIntel
TMP=C:\Users\Fabricio\AppData\Local\Temp
TEMP=C:\Users\Fabricio\AppData\Local\Temp



Periodic native trim disabled


---------------  S Y S T E M  ---------------

OS:
 Windows 7 , 64 bit Build 7601 (6.1.7601.24545)
OS uptime: 0 days 1:16 hours

CPU: total 2 (initial active 2) (2 cores per cpu, 1 threads per core) family 6 model 37 stepping 5 microcode 0x0, cx8, cmov, fxsr, mmx, sse, sse2, sse3, ssse3, popcnt, tsc, tscinvbit, clflush
Processor Information for all 2 processors :
  Max Mhz: 1999, Current Mhz: 1999, Mhz Limit: 1999

Memory: 4k page, system-wide physical 1908M (54M free)
TotalPageFile size 2932M (AvailPageFile size 9M)
current process WorkingSet (physical memory assigned to process): 263M, peak: 263M
current process commit charge ("private bytes"): 293M, peak: 372M

vm_info: OpenJDK 64-Bit Server VM (17.0.16+8) for windows-amd64 JRE (17.0.16+8), built on Jul 16 2025 10:37:56 by "admin" with MS VC++ 17.7 (VS2022)

END.
